<?xml version="1.0" encoding="UTF-8" ?>
<testsuite tests="255" failures="0" name="runner.runnerfile" time="2.407" errors="0" skipped="0">
  <properties>
[...]
</properties>
  <testcase classname="| Admin | Admin123 |" name="Given user login to application" time="0"/>
  <testcase classname="| Admin | Admin123 |" name="When user logged in valid &quot;Admin&quot; and &quot;Admin123&quot;" time="0"/>
  <testcase classname="| Admin | Admin123 |" name="And user than selects Day and Month" time="0"/>
  <testcase classname="| Admin | Admin123 |" name="Then user able to view home page successfully." time="0"/>
  <testcase classname="| Admin | Admin123 |" name="| Admin | Admin123 |" time="0"/>
  <testcase classname="| Admin | Admin123 |" name="Given user login to application" time="0"/>
  <testcase classname="| Admin | Admin123 |" name="When user logged in valid &quot;Admin&quot; and &quot;Admin123&quot;" time="0"/>
  <testcase classname="| Admin | Admin123 |" name="And user than selects Day and Month" time="0"/>
  <testcase classname="| Admin | Admin123 |" name="Then user able to view home page successfully." time="0"/>
  <testcase classname="| Admin | Admin123 |" name="| Admin | Admin123 |" time="0"/>
  <testcase classname="| Admin | Admin123 |" name="Given user login to application" time="0"/>
  <testcase classname="| Admin | Admin123 |" name="When user logged in valid &quot;Admin&quot; and &quot;Admin123&quot;" time="0"/>
  <testcase classname="| Admin | Admin123 |" name="And user than selects Day and Month" time="0"/>
  <testcase classname="| Admin | Admin123 |" name="Then user able to view home page successfully." time="0"/>
  <testcase classname="| Admin | Admin123 |" name="| Admin | Admin123 |" time="0"/>
  <testcase classname="| Admin | Admin123 |" name="Given user login to application" time="0"/>
  <testcase classname="| Admin | Admin123 |" name="When user logged in valid &quot;Admin&quot; and &quot;Admin123&quot;" time="0"/>
  <testcase classname="| Admin | Admin123 |" name="And user than selects Day and Month" time="0"/>
  <testcase classname="| Admin | Admin123 |" name="Then user able to view home page successfully." time="0"/>
  <testcase classname="| Admin | Admin123 |" name="| Admin | Admin123 |" time="0"/>
  <testcase classname="| Admin | Admin123 |" name="Given user login to application" time="0"/>
  <testcase classname="| Admin | Admin123 |" name="When user logged in valid &quot;Admin&quot; and &quot;Admin123&quot;" time="0"/>
  <testcase classname="| Admin | Admin123 |" name="And user than selects Day and Month" time="0"/>
  <testcase classname="| Admin | Admin123 |" name="Then user able to view home page successfully." time="0"/>
  <testcase classname="| Admin | Admin123 |" name="| Admin | Admin123 |" time="0"/>
  <testcase classname="| Admin | Admin123 |" name="Given user login to application" time="0"/>
  <testcase classname="| Admin | Admin123 |" name="When user logged in valid &quot;Admin&quot; and &quot;Admin123&quot;" time="0"/>
  <testcase classname="| Admin | Admin123 |" name="And user than selects Day and Month" time="0"/>
  <testcase classname="| Admin | Admin123 |" name="Then user able to view home page successfully." time="0"/>
  <testcase classname="| Admin | Admin123 |" name="| Admin | Admin123 |" time="0"/>
  <testcase classname="| Admin | Admin123 |" name="Given user login to application" time="0"/>
  <testcase classname="| Admin | Admin123 |" name="When user logged in valid &quot;Admin&quot; and &quot;Admin123&quot;" time="0"/>
  <testcase classname="| Admin | Admin123 |" name="And user than selects Day and Month" time="0"/>
  <testcase classname="| Admin | Admin123 |" name="Then user able to view home page successfully." time="0"/>
  <testcase classname="| Admin | Admin123 |" name="| Admin | Admin123 |" time="0"/>
  <testcase classname="| Admin | Admin123 |" name="Given user login to application" time="0"/>
  <testcase classname="| Admin | Admin123 |" name="When user logged in valid &quot;Admin&quot; and &quot;Admin123&quot;" time="0"/>
  <testcase classname="| Admin | Admin123 |" name="And user than selects Day and Month" time="0"/>
  <testcase classname="| Admin | Admin123 |" name="Then user able to view home page successfully." time="0"/>
  <testcase classname="| Admin | Admin123 |" name="| Admin | Admin123 |" time="0"/>
  <testcase classname="| Admin | Admin123 |" name="Given user login to application" time="0"/>
  <testcase classname="| Admin | Admin123 |" name="When user logged in valid &quot;Admin&quot; and &quot;Admin123&quot;" time="0"/>
  <testcase classname="| Admin | Admin123 |" name="And user than selects Day and Month" time="0"/>
  <testcase classname="| Admin | Admin123 |" name="Then user able to view home page successfully." time="0"/>
  <testcase classname="| Admin | Admin123 |" name="| Admin | Admin123 |" time="0"/>
  <testcase classname="| Admin | Admin123 |" name="Given user login to application" time="0"/>
  <testcase classname="| Admin | Admin123 |" name="When user logged in valid &quot;Admin&quot; and &quot;Admin123&quot;" time="0"/>
  <testcase classname="| Admin | Admin123 |" name="And user than selects Day and Month" time="0"/>
  <testcase classname="| Admin | Admin123 |" name="Then user able to view home page successfully." time="0"/>
  <testcase classname="| Admin | Admin123 |" name="| Admin | Admin123 |" time="0"/>
  <testcase classname="| Admin | Admin123 |" name="Given user login to application" time="0"/>
  <testcase classname="| Admin | Admin123 |" name="When user logged in valid &quot;Admin&quot; and &quot;Admin123&quot;" time="0"/>
  <testcase classname="| Admin | Admin123 |" name="And user than selects Day and Month" time="0"/>
  <testcase classname="| Admin | Admin123 |" name="Then user able to view home page successfully." time="0"/>
  <testcase classname="| Admin | Admin123 |" name="| Admin | Admin123 |" time="0"/>
  <testcase classname="| Admin | Admin123 |" name="Given user login to application" time="0"/>
  <testcase classname="| Admin | Admin123 |" name="When user logged in valid &quot;Admin&quot; and &quot;Admin123&quot;" time="0"/>
  <testcase classname="| Admin | Admin123 |" name="And user than selects Day and Month" time="0"/>
  <testcase classname="| Admin | Admin123 |" name="Then user able to view home page successfully." time="0"/>
  <testcase classname="| Admin | Admin123 |" name="| Admin | Admin123 |" time="0"/>
  <testcase classname="| Admin | Admin123 |" name="Given user login to application" time="0"/>
  <testcase classname="| Admin | Admin123 |" name="When user logged in valid &quot;Admin&quot; and &quot;Admin123&quot;" time="0"/>
  <testcase classname="| Admin | Admin123 |" name="And user than selects Day and Month" time="0"/>
  <testcase classname="| Admin | Admin123 |" name="Then user able to view home page successfully." time="0"/>
  <testcase classname="| Admin | Admin123 |" name="| Admin | Admin123 |" time="0"/>
  <testcase classname="| Admin | Admin123 |" name="Given user login to application" time="0"/>
  <testcase classname="| Admin | Admin123 |" name="When user logged in valid &quot;Admin&quot; and &quot;Admin123&quot;" time="0"/>
  <testcase classname="| Admin | Admin123 |" name="And user than selects Day and Month" time="0"/>
  <testcase classname="| Admin | Admin123 |" name="Then user able to view home page successfully." time="0"/>
  <testcase classname="| Admin | Admin123 |" name="| Admin | Admin123 |" time="0"/>
  <testcase classname="| Admin | Admin123 |" name="Given user login to application" time="0"/>
  <testcase classname="| Admin | Admin123 |" name="When user logged in valid &quot;Admin&quot; and &quot;Admin123&quot;" time="0"/>
  <testcase classname="| Admin | Admin123 |" name="And user than selects Day and Month" time="0"/>
  <testcase classname="| Admin | Admin123 |" name="Then user able to view home page successfully." time="0"/>
  <testcase classname="| Admin | Admin123 |" name="| Admin | Admin123 |" time="0.001"/>
  <testcase classname="| Admin | Admin123 |" name="Given user login to application" time="0"/>
  <testcase classname="| Admin | Admin123 |" name="When user logged in valid &quot;Admin&quot; and &quot;Admin123&quot;" time="0"/>
  <testcase classname="| Admin | Admin123 |" name="And user than selects Day and Month" time="0"/>
  <testcase classname="| Admin | Admin123 |" name="Then user able to view home page successfully." time="0"/>
  <testcase classname="| Admin | Admin123 |" name="| Admin | Admin123 |" time="0"/>
  <testcase classname="| Admin | Admin123 |" name="Given user login to application" time="0"/>
  <testcase classname="| Admin | Admin123 |" name="When user logged in valid &quot;Admin&quot; and &quot;Admin123&quot;" time="0"/>
  <testcase classname="| Admin | Admin123 |" name="And user than selects Day and Month" time="0"/>
  <testcase classname="| Admin | Admin123 |" name="Then user able to view home page successfully." time="0"/>
  <testcase classname="| Admin | Admin123 |" name="| Admin | Admin123 |" time="0"/>
  <testcase classname="| Admin | Admin123 |" name="Given user login to application" time="0"/>
  <testcase classname="| Admin | Admin123 |" name="When user logged in valid &quot;Admin&quot; and &quot;Admin123&quot;" time="0"/>
  <testcase classname="| Admin | Admin123 |" name="And user than selects Day and Month" time="0"/>
  <testcase classname="| Admin | Admin123 |" name="Then user able to view home page successfully." time="0"/>
  <testcase classname="| Admin | Admin123 |" name="| Admin | Admin123 |" time="0"/>
  <testcase classname="| Admin | Admin123 |" name="Given user login to application" time="0"/>
  <testcase classname="| Admin | Admin123 |" name="When user logged in valid &quot;Admin&quot; and &quot;Admin123&quot;" time="0"/>
  <testcase classname="| Admin | Admin123 |" name="And user than selects Day and Month" time="0"/>
  <testcase classname="| Admin | Admin123 |" name="Then user able to view home page successfully." time="0"/>
  <testcase classname="| Admin | Admin123 |" name="| Admin | Admin123 |" time="0"/>
  <testcase classname="| Admin | Admin123 |" name="Given user login to application" time="0"/>
  <testcase classname="| Admin | Admin123 |" name="When user logged in valid &quot;Admin&quot; and &quot;Admin123&quot;" time="0"/>
  <testcase classname="| Admin | Admin123 |" name="And user than selects Day and Month" time="0"/>
  <testcase classname="| Admin | Admin123 |" name="Then user able to view home page successfully." time="0"/>
  <testcase classname="| Admin | Admin123 |" name="| Admin | Admin123 |" time="0"/>
  <testcase classname="| Admin | Admin123 |" name="Given user login to application" time="0"/>
  <testcase classname="| Admin | Admin123 |" name="When user logged in valid &quot;Admin&quot; and &quot;Admin123&quot;" time="0"/>
  <testcase classname="| Admin | Admin123 |" name="And user than selects Day and Month" time="0"/>
  <testcase classname="| Admin | Admin123 |" name="Then user able to view home page successfully." time="0"/>
  <testcase classname="| Admin | Admin123 |" name="| Admin | Admin123 |" time="0"/>
  <testcase classname="| Admin | Admin123 |" name="Given user login to application" time="0"/>
  <testcase classname="| Admin | Admin123 |" name="When user logged in valid &quot;Admin&quot; and &quot;Admin123&quot;" time="0"/>
  <testcase classname="| Admin | Admin123 |" name="And user than selects Day and Month" time="0"/>
  <testcase classname="| Admin | Admin123 |" name="Then user able to view home page successfully." time="0"/>
  <testcase classname="| Admin | Admin123 |" name="| Admin | Admin123 |" time="0"/>
  <testcase classname="| Admin | Admin123 |" name="Given user login to application" time="0"/>
  <testcase classname="| Admin | Admin123 |" name="When user logged in valid &quot;Admin&quot; and &quot;Admin123&quot;" time="0"/>
  <testcase classname="| Admin | Admin123 |" name="And user than selects Day and Month" time="0"/>
  <testcase classname="| Admin | Admin123 |" name="Then user able to view home page successfully." time="0"/>
  <testcase classname="| Admin | Admin123 |" name="| Admin | Admin123 |" time="0"/>
  <testcase classname="| Admin | Admin123 |" name="Given user login to application" time="0"/>
  <testcase classname="| Admin | Admin123 |" name="When user logged in valid &quot;Admin&quot; and &quot;Admin123&quot;" time="0"/>
  <testcase classname="| Admin | Admin123 |" name="And user than selects Day and Month" time="0"/>
  <testcase classname="| Admin | Admin123 |" name="Then user able to view home page successfully." time="0"/>
  <testcase classname="| Admin | Admin123 |" name="| Admin | Admin123 |" time="0"/>
  <testcase classname="| Admin | Admin123 |" name="Given user login to application" time="0"/>
  <testcase classname="| Admin | Admin123 |" name="When user logged in valid &quot;Admin&quot; and &quot;Admin123&quot;" time="0"/>
  <testcase classname="| Admin | Admin123 |" name="And user than selects Day and Month" time="0"/>
  <testcase classname="| Admin | Admin123 |" name="Then user able to view home page successfully." time="0"/>
  <testcase classname="| Admin | Admin123 |" name="| Admin | Admin123 |" time="0"/>
  <testcase classname="| Admin | Admin123 |" name="Given user login to application" time="0"/>
  <testcase classname="| Admin | Admin123 |" name="When user logged in valid &quot;Admin&quot; and &quot;Admin123&quot;" time="0"/>
  <testcase classname="| Admin | Admin123 |" name="And user than selects Day and Month" time="0"/>
  <testcase classname="| Admin | Admin123 |" name="Then user able to view home page successfully." time="0"/>
  <testcase classname="| Admin | Admin123 |" name="| Admin | Admin123 |" time="0"/>
  <testcase classname="| Admin | Admin123 |" name="Given user login to application" time="0"/>
  <testcase classname="| Admin | Admin123 |" name="When user logged in valid &quot;Admin&quot; and &quot;Admin123&quot;" time="0"/>
  <testcase classname="| Admin | Admin123 |" name="And user than selects Day and Month" time="0"/>
  <testcase classname="| Admin | Admin123 |" name="Then user able to view home page successfully." time="0"/>
  <testcase classname="| Admin | Admin123 |" name="| Admin | Admin123 |" time="0"/>
  <testcase classname="| Admin | Admin123 |" name="Given user login to application" time="0"/>
  <testcase classname="| Admin | Admin123 |" name="When user logged in valid &quot;Admin&quot; and &quot;Admin123&quot;" time="0"/>
  <testcase classname="| Admin | Admin123 |" name="And user than selects Day and Month" time="0"/>
  <testcase classname="| Admin | Admin123 |" name="Then user able to view home page successfully." time="0"/>
  <testcase classname="| Admin | Admin123 |" name="| Admin | Admin123 |" time="0"/>
  <testcase classname="| Admin | Admin123 |" name="Given user login to application" time="0"/>
  <testcase classname="| Admin | Admin123 |" name="When user logged in valid &quot;Admin&quot; and &quot;Admin123&quot;" time="0"/>
  <testcase classname="| Admin | Admin123 |" name="And user than selects Day and Month" time="0"/>
  <testcase classname="| Admin | Admin123 |" name="Then user able to view home page successfully." time="0"/>
  <testcase classname="| Admin | Admin123 |" name="| Admin | Admin123 |" time="0"/>
  <testcase classname="| Admin | Admin123 |" name="Given user login to application" time="0"/>
  <testcase classname="| Admin | Admin123 |" name="When user logged in valid &quot;Admin&quot; and &quot;Admin123&quot;" time="0"/>
  <testcase classname="| Admin | Admin123 |" name="And user than selects Day and Month" time="0"/>
  <testcase classname="| Admin | Admin123 |" name="Then user able to view home page successfully." time="0"/>
  <testcase classname="| Admin | Admin123 |" name="| Admin | Admin123 |" time="0"/>
  <testcase classname="| Admin | Admin123 |" name="Given user login to application" time="0"/>
  <testcase classname="| Admin | Admin123 |" name="When user logged in valid &quot;Admin&quot; and &quot;Admin123&quot;" time="0"/>
  <testcase classname="| Admin | Admin123 |" name="And user than selects Day and Month" time="0"/>
  <testcase classname="| Admin | Admin123 |" name="Then user able to view home page successfully." time="0"/>
  <testcase classname="| Admin | Admin123 |" name="| Admin | Admin123 |" time="0"/>
  <testcase classname="| Admin | Admin123 |" name="Given user login to application" time="0"/>
  <testcase classname="| Admin | Admin123 |" name="When user logged in valid &quot;Admin&quot; and &quot;Admin123&quot;" time="0"/>
  <testcase classname="| Admin | Admin123 |" name="And user than selects Day and Month" time="0"/>
  <testcase classname="| Admin | Admin123 |" name="Then user able to view home page successfully." time="0"/>
  <testcase classname="| Admin | Admin123 |" name="| Admin | Admin123 |" time="0"/>
  <testcase classname="| Admin | Admin123 |" name="Given user login to application" time="0"/>
  <testcase classname="| Admin | Admin123 |" name="When user logged in valid &quot;Admin&quot; and &quot;Admin123&quot;" time="0"/>
  <testcase classname="| Admin | Admin123 |" name="And user than selects Day and Month" time="0"/>
  <testcase classname="| Admin | Admin123 |" name="Then user able to view home page successfully." time="0"/>
  <testcase classname="| Admin | Admin123 |" name="| Admin | Admin123 |" time="0"/>
  <testcase classname="| Admin | Admin123 |" name="Given user login to application" time="0"/>
  <testcase classname="| Admin | Admin123 |" name="When user logged in valid &quot;Admin&quot; and &quot;Admin123&quot;" time="0"/>
  <testcase classname="| Admin | Admin123 |" name="And user than selects Day and Month" time="0"/>
  <testcase classname="| Admin | Admin123 |" name="Then user able to view home page successfully." time="0"/>
  <testcase classname="| Admin | Admin123 |" name="| Admin | Admin123 |" time="0.015"/>
  <testcase classname="| Admin | Admin123 |" name="Given user login to application" time="0"/>
  <testcase classname="| Admin | Admin123 |" name="When user logged in valid &quot;Admin&quot; and &quot;Admin123&quot;" time="0"/>
  <testcase classname="| Admin | Admin123 |" name="And user than selects Day and Month" time="0"/>
  <testcase classname="| Admin | Admin123 |" name="Then user able to view home page successfully." time="0"/>
  <testcase classname="| Admin | Admin123 |" name="| Admin | Admin123 |" time="0"/>
  <testcase classname="| Admin | Admin123 |" name="Given user login to application" time="0"/>
  <testcase classname="| Admin | Admin123 |" name="When user logged in valid &quot;Admin&quot; and &quot;Admin123&quot;" time="0"/>
  <testcase classname="| Admin | Admin123 |" name="And user than selects Day and Month" time="0"/>
  <testcase classname="| Admin | Admin123 |" name="Then user able to view home page successfully." time="0"/>
  <testcase classname="| Admin | Admin123 |" name="| Admin | Admin123 |" time="0"/>
  <testcase classname="| Admin | Admin123 |" name="Given user login to application" time="0"/>
  <testcase classname="| Admin | Admin123 |" name="When user logged in valid &quot;Admin&quot; and &quot;Admin123&quot;" time="0"/>
  <testcase classname="| Admin | Admin123 |" name="And user than selects Day and Month" time="0"/>
  <testcase classname="| Admin | Admin123 |" name="Then user able to view home page successfully." time="0"/>
  <testcase classname="| Admin | Admin123 |" name="| Admin | Admin123 |" time="0"/>
  <testcase classname="| Admin | Admin123 |" name="Given user login to application" time="0"/>
  <testcase classname="| Admin | Admin123 |" name="When user logged in valid &quot;Admin&quot; and &quot;Admin123&quot;" time="0"/>
  <testcase classname="| Admin | Admin123 |" name="And user than selects Day and Month" time="0"/>
  <testcase classname="| Admin | Admin123 |" name="Then user able to view home page successfully." time="0"/>
  <testcase classname="| Admin | Admin123 |" name="| Admin | Admin123 |" time="0"/>
  <testcase classname="| Admin | Admin123 |" name="Given user login to application" time="0"/>
  <testcase classname="| Admin | Admin123 |" name="When user logged in valid &quot;Admin&quot; and &quot;Admin123&quot;" time="0"/>
  <testcase classname="| Admin | Admin123 |" name="And user than selects Day and Month" time="0"/>
  <testcase classname="| Admin | Admin123 |" name="Then user able to view home page successfully." time="0"/>
  <testcase classname="| Admin | Admin123 |" name="| Admin | Admin123 |" time="0"/>
  <testcase classname="| Admin | Admin123 |" name="Given user login to application" time="0"/>
  <testcase classname="| Admin | Admin123 |" name="When user logged in valid &quot;Admin&quot; and &quot;Admin123&quot;" time="0"/>
  <testcase classname="| Admin | Admin123 |" name="And user than selects Day and Month" time="0"/>
  <testcase classname="| Admin | Admin123 |" name="Then user able to view home page successfully." time="0"/>
  <testcase classname="| Admin | Admin123 |" name="| Admin | Admin123 |" time="0"/>
  <testcase classname="| Admin | Admin123 |" name="Given user login to application" time="0"/>
  <testcase classname="| Admin | Admin123 |" name="When user logged in valid &quot;Admin&quot; and &quot;Admin123&quot;" time="0"/>
  <testcase classname="| Admin | Admin123 |" name="And user than selects Day and Month" time="0"/>
  <testcase classname="| Admin | Admin123 |" name="Then user able to view home page successfully." time="0"/>
  <testcase classname="| Admin | Admin123 |" name="| Admin | Admin123 |" time="0"/>
  <testcase classname="| Admin | Admin123 |" name="Given user login to application" time="0"/>
  <testcase classname="| Admin | Admin123 |" name="When user logged in valid &quot;Admin&quot; and &quot;Admin123&quot;" time="0"/>
  <testcase classname="| Admin | Admin123 |" name="And user than selects Day and Month" time="0"/>
  <testcase classname="| Admin | Admin123 |" name="Then user able to view home page successfully." time="0"/>
  <testcase classname="| Admin | Admin123 |" name="| Admin | Admin123 |" time="0"/>
  <testcase classname="| Admin | Admin123 |" name="Given user login to application" time="0"/>
  <testcase classname="| Admin | Admin123 |" name="When user logged in valid &quot;Admin&quot; and &quot;Admin123&quot;" time="0"/>
  <testcase classname="| Admin | Admin123 |" name="And user than selects Day and Month" time="0"/>
  <testcase classname="| Admin | Admin123 |" name="Then user able to view home page successfully." time="0"/>
  <testcase classname="| Admin | Admin123 |" name="| Admin | Admin123 |" time="0"/>
  <testcase classname="| Admin | Admin123 |" name="Given user login to application" time="0"/>
  <testcase classname="| Admin | Admin123 |" name="When user logged in valid &quot;Admin&quot; and &quot;Admin123&quot;" time="0"/>
  <testcase classname="| Admin | Admin123 |" name="And user than selects Day and Month" time="0"/>
  <testcase classname="| Admin | Admin123 |" name="Then user able to view home page successfully." time="0"/>
  <testcase classname="| Admin | Admin123 |" name="| Admin | Admin123 |" time="0"/>
  <testcase classname="| Admin | Admin123 |" name="Given user login to application" time="0"/>
  <testcase classname="| Admin | Admin123 |" name="When user logged in valid &quot;Admin&quot; and &quot;Admin123&quot;" time="0"/>
  <testcase classname="| Admin | Admin123 |" name="And user than selects Day and Month" time="0"/>
  <testcase classname="| Admin | Admin123 |" name="Then user able to view home page successfully." time="0"/>
  <testcase classname="| Admin | Admin123 |" name="| Admin | Admin123 |" time="0"/>
  <testcase classname="| Admin | Admin123 |" name="Given user login to application" time="0"/>
  <testcase classname="| Admin | Admin123 |" name="When user logged in valid &quot;Admin&quot; and &quot;Admin123&quot;" time="0"/>
  <testcase classname="| Admin | Admin123 |" name="And user than selects Day and Month" time="0"/>
  <testcase classname="| Admin | Admin123 |" name="Then user able to view home page successfully." time="0"/>
  <testcase classname="| Admin | Admin123 |" name="| Admin | Admin123 |" time="0"/>
  <testcase classname="| Admin | Admin123 |" name="Given user login to application" time="0"/>
  <testcase classname="| Admin | Admin123 |" name="When user logged in valid &quot;Admin&quot; and &quot;Admin123&quot;" time="0"/>
  <testcase classname="| Admin | Admin123 |" name="And user than selects Day and Month" time="0"/>
  <testcase classname="| Admin | Admin123 |" name="Then user able to view home page successfully." time="0"/>
  <testcase classname="| Admin | Admin123 |" name="| Admin | Admin123 |" time="0"/>
  <testcase classname="| Admin | Admin123 |" name="Given user login to application" time="0"/>
  <testcase classname="| Admin | Admin123 |" name="When user logged in valid &quot;Admin&quot; and &quot;Admin123&quot;" time="0"/>
  <testcase classname="| Admin | Admin123 |" name="And user than selects Day and Month" time="0"/>
  <testcase classname="| Admin | Admin123 |" name="Then user able to view home page successfully." time="0"/>
  <testcase classname="| Admin | Admin123 |" name="| Admin | Admin123 |" time="0"/>
  <testcase classname="| Admin | Admin123 |" name="Given user login to application" time="0"/>
  <testcase classname="| Admin | Admin123 |" name="When user logged in valid &quot;Admin&quot; and &quot;Admin123&quot;" time="0"/>
  <testcase classname="| Admin | Admin123 |" name="And user than selects Day and Month" time="0"/>
  <testcase classname="| Admin | Admin123 |" name="Then user able to view home page successfully." time="0"/>
  <testcase classname="| Admin | Admin123 |" name="| Admin | Admin123 |" time="0"/>
  <testcase classname="| Admin | Admin123 |" name="Given user login to application" time="0"/>
  <testcase classname="| Admin | Admin123 |" name="When user logged in valid &quot;Admin&quot; and &quot;Admin123&quot;" time="0"/>
  <testcase classname="| Admin | Admin123 |" name="And user than selects Day and Month" time="0"/>
  <testcase classname="| Admin | Admin123 |" name="Then user able to view home page successfully." time="0"/>
  <testcase classname="| Admin | Admin123 |" name="| Admin | Admin123 |" time="0"/>
  <testcase classname="| Admin | Admin123 |" name="Given user login to application" time="0"/>
  <testcase classname="| Admin | Admin123 |" name="When user logged in valid &quot;Admin&quot; and &quot;Admin123&quot;" time="0"/>
  <testcase classname="| Admin | Admin123 |" name="And user than selects Day and Month" time="0"/>
  <testcase classname="| Admin | Admin123 |" name="Then user able to view home page successfully." time="0"/>
  <testcase classname="| Admin | Admin123 |" name="| Admin | Admin123 |" time="0"/>
</testsuite>